Performing C SOURCE FILE Test CMAKE_HAVE_LIBC_PTHREAD failed with the following output:
Change Dir: /home/irshath/Documents/JM-master/build/CMakeFiles/CMakeTmp

Run Build Command(s):/usr/bin/make cmTC_6f126/fast && /usr/bin/make -f CMakeFiles/cmTC_6f126.dir/build.make CMakeFiles/cmTC_6f126.dir/build
make[1] : on entre dans le répertoire « /home/irshath/Documents/JM-master/build/CMakeFiles/CMakeTmp »
Building C object CMakeFiles/cmTC_6f126.dir/src.c.o
/usr/bin/gcc   -DCMAKE_HAVE_LIBC_PTHREAD -fPIE   -o CMakeFiles/cmTC_6f126.dir/src.c.o   -c /home/irshath/Documents/JM-master/build/CMakeFiles/CMakeTmp/src.c
Linking C executable cmTC_6f126
/usr/bin/cmake -E cmake_link_script CMakeFiles/cmTC_6f126.dir/link.txt --verbose=1
/usr/bin/gcc  -DCMAKE_HAVE_LIBC_PTHREAD    CMakeFiles/cmTC_6f126.dir/src.c.o  -o cmTC_6f126 
/usr/bin/ld : CMakeFiles/cmTC_6f126.dir/src.c.o : dans la fonction « main » :
src.c:(.text+0x46) : référence indéfinie vers « pthread_create »
/usr/bin/ld : src.c:(.text+0x52) : référence indéfinie vers « pthread_detach »
/usr/bin/ld : src.c:(.text+0x63) : référence indéfinie vers « pthread_join »
collect2: error: ld returned 1 exit status
make[1]: *** [CMakeFiles/cmTC_6f126.dir/build.make:87 : cmTC_6f126] Erreur 1
make[1] : on quitte le répertoire « /home/irshath/Documents/JM-master/build/CMakeFiles/CMakeTmp »
make: *** [Makefile:121 : cmTC_6f126/fast] Erreur 2


Source file was:
#include <pthread.h>

void* test_func(void* data)
{
  return data;
}

int main(void)
{
  pthread_t thread;
  pthread_create(&thread, NULL, test_func, NULL);
  pthread_detach(thread);
  pthread_join(thread, NULL);
  pthread_atfork(NULL, NULL, NULL);
  pthread_exit(NULL);

  return 0;
}

